Removed Pin From Net: NetName=Net*1_18 Pin=P7-1
Removed Pin From Net: NetName=Net*1_17 Pin=P7-2
Removed Pin From Net: NetName=Net*1_16 Pin=P7-3
Removed Pin From Net: NetName=Net*1_15 Pin=P7-4
Removed Pin From Net: NetName=Net*1_14 Pin=P7-5
Removed Pin From Net: NetName=Net*1_13 Pin=P7-6
Removed Pin From Net: NetName=Net*1_12 Pin=P7-7
Removed Pin From Net: NetName=Net*1_11 Pin=P7-8
Removed Pin From Net: NetName=3.3 Pin=P9-1
Removed Pin From Net: NetName=GND Pin=P9-2
Removed Pin From Net: NetName=SCL Pin=P9-3
Removed Pin From Net: NetName=SDA Pin=P9-4
Removed Member From Class: ClassName=Sheet1_Young Member=P7
Removed Member From Class: ClassName=Sheet1_Young Member=P9
Added Component: Designator=P?(JP8)
Add component. Clean all parameters for all variants
Add component (AddParameter): Name = "LatestRevisionDate"; Value = "17-Jul-2002"; VariantName = "[No Variations]"
Add component (AddParameter): Name = "LatestRevisionNote"; Value = "Re-released for DXP Platform."; VariantName = "[No Variations]"
Add component (AddParameter): Name = "Publisher"; Value = "Altium Limited"; VariantName = "[No Variations]"
Added Component: Designator=P?(JP8)
Add component. Clean all parameters for all variants
Add component (AddParameter): Name = "LatestRevisionDate"; Value = "17-Jul-2002"; VariantName = "[No Variations]"
Add component (AddParameter): Name = "LatestRevisionNote"; Value = "Re-released for DXP Platform."; VariantName = "[No Variations]"
Add component (AddParameter): Name = "Publisher"; Value = "Altium Limited"; VariantName = "[No Variations]"
Added Pin To Net: NetName=3.3 Pin=P?-1
Added Pin To Net: NetName=Net*1_18 Pin=P?-1
Added Pin To Net: NetName=GND Pin=P?-2
Added Pin To Net: NetName=Net*1_17 Pin=P?-2
Added Pin To Net: NetName=Net*1_16 Pin=P?-3
Added Pin To Net: NetName=SCL Pin=P?-3
Added Pin To Net: NetName=Net*1_15 Pin=P?-4
Added Pin To Net: NetName=SDA Pin=P?-4
Added Pin To Net: NetName=Net*1_14 Pin=P?-5
Added Pin To Net: NetName=Net*1_13 Pin=P?-6
Added Pin To Net: NetName=Net*1_12 Pin=P?-7
Added Pin To Net: NetName=Net*1_11 Pin=P?-8
Added Member To Class: ClassName=Sheet1_Young Member=Component P? Header 8
Added Member To Class: ClassName=Sheet1_Young Member=Component P? Header 8
