Added Component: Designator=C1(CAP ALU SIZE B)
Add component. Clean all parameters for all variants
Add component (AddParameter): Name = "Value"; Value = "220uF"; VariantName = "[No Variations]"
Added Component: Designator=C2(CAP-SM-0805)
Add component. Clean all parameters for all variants
Add component (AddParameter): Name = "Value"; Value = "100nF"; VariantName = "[No Variations]"
Added Component: Designator=C3(CAP-SM-0805)
Add component. Clean all parameters for all variants
Add component (AddParameter): Name = "Value"; Value = "100nF"; VariantName = "[No Variations]"
Added Component: Designator=C4(CAP ALU SIZE B)
Add component. Clean all parameters for all variants
Add component (AddParameter): Name = "Value"; Value = "220uF"; VariantName = "[No Variations]"
Added Component: Designator=D1(LED_0805_Blue)
Add component. Clean all parameters for all variants
Added Component: Designator=P1(HDR1X20)
Add component. Clean all parameters for all variants
Add component (AddParameter): Name = "LatestRevisionDate"; Value = "17-Jul-2002"; VariantName = "[No Variations]"
Add component (AddParameter): Name = "LatestRevisionNote"; Value = "Re-released for DXP Platform."; VariantName = "[No Variations]"
Add component (AddParameter): Name = "Publisher"; Value = "Altium Limited"; VariantName = "[No Variations]"
Added Component: Designator=P2(HDR1X20)
Add component. Clean all parameters for all variants
Add component (AddParameter): Name = "LatestRevisionDate"; Value = "17-Jul-2002"; VariantName = "[No Variations]"
Add component (AddParameter): Name = "LatestRevisionNote"; Value = "Re-released for DXP Platform."; VariantName = "[No Variations]"
Add component (AddParameter): Name = "Publisher"; Value = "Altium Limited"; VariantName = "[No Variations]"
Added Component: Designator=P3(JP2)
Add component. Clean all parameters for all variants
Add component (AddParameter): Name = "LatestRevisionDate"; Value = "17-Jul-2002"; VariantName = "[No Variations]"
Add component (AddParameter): Name = "LatestRevisionNote"; Value = "Re-released for DXP Platform."; VariantName = "[No Variations]"
Add component (AddParameter): Name = "Publisher"; Value = "Altium Limited"; VariantName = "[No Variations]"
Added Component: Designator=P4(JP2)
Add component. Clean all parameters for all variants
Add component (AddParameter): Name = "LatestRevisionDate"; Value = "17-Jul-2002"; VariantName = "[No Variations]"
Add component (AddParameter): Name = "LatestRevisionNote"; Value = "Re-released for DXP Platform."; VariantName = "[No Variations]"
Add component (AddParameter): Name = "Publisher"; Value = "Altium Limited"; VariantName = "[No Variations]"
Added Component: Designator=P5(JP2)
Add component. Clean all parameters for all variants
Add component (AddParameter): Name = "LatestRevisionDate"; Value = "17-Jul-2002"; VariantName = "[No Variations]"
Add component (AddParameter): Name = "LatestRevisionNote"; Value = "Re-released for DXP Platform."; VariantName = "[No Variations]"
Add component (AddParameter): Name = "Publisher"; Value = "Altium Limited"; VariantName = "[No Variations]"
Added Component: Designator=P6(JP4)
Add component. Clean all parameters for all variants
Add component (AddParameter): Name = "LatestRevisionDate"; Value = "17-Jul-2002"; VariantName = "[No Variations]"
Add component (AddParameter): Name = "LatestRevisionNote"; Value = "Re-released for DXP Platform."; VariantName = "[No Variations]"
Add component (AddParameter): Name = "Publisher"; Value = "Altium Limited"; VariantName = "[No Variations]"
Added Component: Designator=P7(JP8H)
Add component. Clean all parameters for all variants
Add component (AddParameter): Name = "LatestRevisionDate"; Value = "17-Jul-2002"; VariantName = "[No Variations]"
Add component (AddParameter): Name = "LatestRevisionNote"; Value = "Re-released for DXP Platform."; VariantName = "[No Variations]"
Add component (AddParameter): Name = "Publisher"; Value = "Altium Limited"; VariantName = "[No Variations]"
Added Component: Designator=P8(JP4)
Add component. Clean all parameters for all variants
Add component (AddParameter): Name = "LatestRevisionDate"; Value = "17-Jul-2002"; VariantName = "[No Variations]"
Add component (AddParameter): Name = "LatestRevisionNote"; Value = "Re-released for DXP Platform."; VariantName = "[No Variations]"
Add component (AddParameter): Name = "Publisher"; Value = "Altium Limited"; VariantName = "[No Variations]"
Added Component: Designator=P9(JP8H)
Add component. Clean all parameters for all variants
Add component (AddParameter): Name = "LatestRevisionDate"; Value = "17-Jul-2002"; VariantName = "[No Variations]"
Add component (AddParameter): Name = "LatestRevisionNote"; Value = "Re-released for DXP Platform."; VariantName = "[No Variations]"
Add component (AddParameter): Name = "Publisher"; Value = "Altium Limited"; VariantName = "[No Variations]"
Added Component: Designator=R1(RES-SM-0805)
Add component. Clean all parameters for all variants
Add component (AddParameter): Name = "Value"; Value = "220"; VariantName = "[No Variations]"
Added Component: Designator=U1(SOT230P700X180-4N)
Add component. Clean all parameters for all variants
Add component (AddParameter): Name = "Availability"; Value = "Unavailable"; VariantName = "[No Variations]"
Add component (AddParameter): Name = "MF"; Value = "NEC"; VariantName = "[No Variations]"
Add component (AddParameter): Name = "MP"; Value = "AMS1117-3.3"; VariantName = "[No Variations]"
Add component (AddParameter): Name = "Package"; Value = "None"; VariantName = "[No Variations]"
Add component (AddParameter): Name = "Price"; Value = "None"; VariantName = "[No Variations]"
Add component (AddParameter): Name = "SnapEDA_Link"; Value = "https://www.snapeda.com/parts/AMS1117-3.3/NEC/view-part/?ref=snap"; VariantName = "[No Variations]"
Add component (AddParameter): Name = "Value"; Value = ""; VariantName = "[No Variations]"
Added Pin To Net: NetName=1_IN1 Pin=P1-9
Added Net: Name=1_IN1
Added Pin To Net: NetName=1_IN2 Pin=P1-10
Added Net: Name=1_IN2
Added Pin To Net: NetName=1_IN3 Pin=P1-11
Added Net: Name=1_IN3
Added Pin To Net: NetName=1_IN4 Pin=P1-12
Added Net: Name=1_IN4
Added Pin To Net: NetName=3.3 Pin=P1-20
Added Pin To Net: NetName=3.3 Pin=P2-3
Added Pin To Net: NetName=3.3 Pin=P6-4
Added Pin To Net: NetName=3.3 Pin=P8-4
Added Pin To Net: NetName=3.3 Pin=P9-1
Added Net: Name=3.3
Added Pin To Net: NetName=5V Pin=C3-1
Added Pin To Net: NetName=5V Pin=C4-1
Added Pin To Net: NetName=5V Pin=P1-18
Added Pin To Net: NetName=5V Pin=P3-2
Added Pin To Net: NetName=5V Pin=R1-2
Added Pin To Net: NetName=5V Pin=U1-2
Added Net: Name=5V
Added Pin To Net: NetName=CA1 Pin=P1-1
Added Pin To Net: NetName=CA1 Pin=P6-2
Added Net: Name=CA1
Added Pin To Net: NetName=CA2 Pin=P1-3
Added Pin To Net: NetName=CA2 Pin=P8-2
Added Net: Name=CA2
Added Pin To Net: NetName=CB1 Pin=P1-2
Added Pin To Net: NetName=CB1 Pin=P6-3
Added Net: Name=CB1
Added Pin To Net: NetName=CB2 Pin=P1-4
Added Pin To Net: NetName=CB2 Pin=P8-3
Added Net: Name=CB2
Added Pin To Net: NetName=GND Pin=C1-2
Added Pin To Net: NetName=GND Pin=C2-1
Added Pin To Net: NetName=GND Pin=C3-2
Added Pin To Net: NetName=GND Pin=C4-2
Added Pin To Net: NetName=GND Pin=D1-2
Added Pin To Net: NetName=GND Pin=P1-19
Added Pin To Net: NetName=GND Pin=P2-1
Added Pin To Net: NetName=GND Pin=P2-2
Added Pin To Net: NetName=GND Pin=P5-1
Added Pin To Net: NetName=GND Pin=P6-1
Added Pin To Net: NetName=GND Pin=P8-1
Added Pin To Net: NetName=GND Pin=P9-2
Added Pin To Net: NetName=GND Pin=U1-1
Added Net: Name=GND
Added Pin To Net: NetName=Net*1_11 Pin=P7-8
Added Net: Name=Net*1_11
Added Pin To Net: NetName=Net*1_12 Pin=P7-7
Added Net: Name=Net*1_12
Added Pin To Net: NetName=Net*1_13 Pin=P7-6
Added Net: Name=Net*1_13
Added Pin To Net: NetName=Net*1_14 Pin=P7-5
Added Net: Name=Net*1_14
Added Pin To Net: NetName=Net*1_15 Pin=P7-4
Added Net: Name=Net*1_15
Added Pin To Net: NetName=Net*1_16 Pin=P7-3
Added Net: Name=Net*1_16
Added Pin To Net: NetName=Net*1_17 Pin=P7-2
Added Net: Name=Net*1_17
Added Pin To Net: NetName=Net*1_18 Pin=P7-1
Added Net: Name=Net*1_18
Added Pin To Net: NetName=NetC1_1 Pin=C1-1
Added Pin To Net: NetName=NetC1_1 Pin=C2-2
Added Pin To Net: NetName=NetC1_1 Pin=P4-2
Added Pin To Net: NetName=NetC1_1 Pin=U1-3
Added Net: Name=NetC1_1
Added Pin To Net: NetName=NetD1_1 Pin=D1-1
Added Pin To Net: NetName=NetD1_1 Pin=R1-1
Added Net: Name=NetD1_1
Added Pin To Net: NetName=NetP3_1 Pin=P3-1
Added Pin To Net: NetName=NetP3_1 Pin=P4-1
Added Pin To Net: NetName=NetP3_1 Pin=P5-2
Added Net: Name=NetP3_1
Added Pin To Net: NetName=PWM1 Pin=P2-14
Added Net: Name=PWM1
Added Pin To Net: NetName=PWM2 Pin=P2-15
Added Net: Name=PWM2
Added Pin To Net: NetName=SCL Pin=P2-6
Added Pin To Net: NetName=SCL Pin=P9-3
Added Net: Name=SCL
Added Pin To Net: NetName=SDA Pin=P2-5
Added Pin To Net: NetName=SDA Pin=P9-4
Added Net: Name=SDA
Added Pin To Net: NetName=VB Pin=P2-20
Added Net: Name=VB
Added Class: Name=Sheet1_Young
