Removed Pin From Net: NetName=3.3 Pin=P6-4
Removed Pin From Net: NetName=3.3 Pin=P8-4
Change Component Designator: OldDesignator=* NewDesignator=*1
Change Component Designator: OldDesignator=P5 NewDesignator=P3
Change Component Designator: OldDesignator=P6 NewDesignator=P4
Change Component Designator: OldDesignator=P7 NewDesignator=P6
Change Component Designator: OldDesignator=P8 NewDesignator=P7
Added Component: Designator=P5(JP2)
Add component. Clean all parameters for all variants
Add component (AddParameter): Name = "LatestRevisionDate"; Value = "17-Jul-2002"; VariantName = "[No Variations]"
Add component (AddParameter): Name = "LatestRevisionNote"; Value = "Re-released for DXP Platform."; VariantName = "[No Variations]"
Add component (AddParameter): Name = "Publisher"; Value = "Altium Limited"; VariantName = "[No Variations]"
Added Component: Designator=P8(JP2)
Add component. Clean all parameters for all variants
Add component (AddParameter): Name = "LatestRevisionDate"; Value = "17-Jul-2002"; VariantName = "[No Variations]"
Add component (AddParameter): Name = "LatestRevisionNote"; Value = "Re-released for DXP Platform."; VariantName = "[No Variations]"
Add component (AddParameter): Name = "Publisher"; Value = "Altium Limited"; VariantName = "[No Variations]"
Added Pin To Net: NetName=3.3 Pin=P5-1
Added Pin To Net: NetName=5V Pin=P8-2
Change Net Name : Old Net Name=Net*_11 New Net Name=Net*1_11
Change Net Name : Old Net Name=Net*_12 New Net Name=Net*1_12
Change Net Name : Old Net Name=Net*_13 New Net Name=Net*1_13
Change Net Name : Old Net Name=Net*_14 New Net Name=Net*1_14
Change Net Name : Old Net Name=Net*_15 New Net Name=Net*1_15
Change Net Name : Old Net Name=Net*_16 New Net Name=Net*1_16
Change Net Name : Old Net Name=Net*_17 New Net Name=Net*1_17
Change Net Name : Old Net Name=Net*_18 New Net Name=Net*1_18
Added Pin To Net: NetName=VC Pin=P4-4
Added Pin To Net: NetName=VC Pin=P5-2
Added Pin To Net: NetName=VC Pin=P7-4
Added Pin To Net: NetName=VC Pin=P8-1
Added Net: Name=VC
Added Member To Class: ClassName=Sheet1_Young Member=Component P5 Header 2
Added Member To Class: ClassName=Sheet1_Young Member=Component P8 Header 2
